#! /usr/local/Cellar/icarus-verilog/11.0/bin/vvp
:ivl_version "11.0 (stable)";
:ivl_delay_selection "TYPICAL";
:vpi_time_precision - 13;
:vpi_module "/usr/local/Cellar/icarus-verilog/11.0/lib/ivl/system.vpi";
:vpi_module "/usr/local/Cellar/icarus-verilog/11.0/lib/ivl/vhdl_sys.vpi";
:vpi_module "/usr/local/Cellar/icarus-verilog/11.0/lib/ivl/vhdl_textio.vpi";
:vpi_module "/usr/local/Cellar/icarus-verilog/11.0/lib/ivl/v2005_math.vpi";
:vpi_module "/usr/local/Cellar/icarus-verilog/11.0/lib/ivl/va_math.vpi";
S_0x7fb5d2707480 .scope module, "MainMemory" "MainMemory" 2 5;
 .timescale -13 -13;
    .port_info 0 /INPUT 1 "CLOCK";
    .port_info 1 /INPUT 1 "RESET";
    .port_info 2 /INPUT 1 "ENABLE";
    .port_info 3 /INPUT 32 "FETCH_ADDRESS";
    .port_info 4 /INPUT 65 "EDIT_SERIAL";
    .port_info 5 /OUTPUT 32 "DATA";
o0x7fb5d3052008 .functor BUFZ 1, C4<z>; HiZ drive
v0x7fb5d2716590_0 .net "CLOCK", 0 0, o0x7fb5d3052008;  0 drivers
v0x7fb5d3211730_0 .var "DATA", 31 0;
v0x7fb5d32117f0 .array "DATA_RAM", 511 0, 31 0;
o0x7fb5d3052068 .functor BUFZ 65, C4<zzzzzzzzzzzzzzzzzzzzzzzzzzzzzzzzzzzzzzzzzzzzzzzzzzzzzzzzzzzzzzzzz>; HiZ drive
v0x7fb5d32118a0_0 .net "EDIT_SERIAL", 64 0, o0x7fb5d3052068;  0 drivers
o0x7fb5d3052098 .functor BUFZ 1, C4<z>; HiZ drive
v0x7fb5d3211950_0 .net "ENABLE", 0 0, o0x7fb5d3052098;  0 drivers
o0x7fb5d30520c8 .functor BUFZ 32, C4<zzzzzzzzzzzzzzzzzzzzzzzzzzzzzzzz>; HiZ drive
v0x7fb5d3211a30_0 .net "FETCH_ADDRESS", 31 0, o0x7fb5d30520c8;  0 drivers
o0x7fb5d30520f8 .functor BUFZ 1, C4<z>; HiZ drive
v0x7fb5d3211ae0_0 .net "RESET", 0 0, o0x7fb5d30520f8;  0 drivers
L_0x7fb5d3083008 .functor BUFT 1, C4<00000000000000000000000000000000>, C4<0>, C4<0>, C4<0>;
v0x7fb5d3211b80_0 .net/2u *"_ivl_0", 31 0, L_0x7fb5d3083008;  1 drivers
L_0x7fb5d30830e0 .functor BUFT 1, C4<00000000000000000000000000000000>, C4<0>, C4<0>, C4<0>;
v0x7fb5d3211c30_0 .net/2u *"_ivl_14", 31 0, L_0x7fb5d30830e0;  1 drivers
v0x7fb5d3211d40_0 .net *"_ivl_21", 0 0, L_0x7fb5d3212fd0;  1 drivers
L_0x7fb5d3083128 .functor BUFT 1, C4<xxxxxxxxxxxxxxxxxxxxxxxxxxxxxxxxxxxxxxxxxxxxxxxxxxxxxxxxxxxxxxxx>, C4<0>, C4<0>, C4<0>;
v0x7fb5d3211df0_0 .net *"_ivl_22", 63 0, L_0x7fb5d3083128;  1 drivers
v0x7fb5d3211ea0_0 .net *"_ivl_5", 0 0, L_0x7fb5d32129e0;  1 drivers
L_0x7fb5d3083050 .functor BUFT 1, C4<1>, C4<0>, C4<0>, C4<0>;
v0x7fb5d3211f50_0 .net/2u *"_ivl_6", 0 0, L_0x7fb5d3083050;  1 drivers
L_0x7fb5d3083098 .functor BUFT 1, C4<0>, C4<0>, C4<0>, C4<0>;
v0x7fb5d3212000_0 .net/2u *"_ivl_8", 0 0, L_0x7fb5d3083098;  1 drivers
v0x7fb5d32120b0_0 .net "a1", 63 0, L_0x7fb5d3212ef0;  1 drivers
v0x7fb5d3212160_0 .net "c$app_arg", 0 0, L_0x7fb5d3212b00;  1 drivers
v0x7fb5d3212200_0 .net "c$i", 31 0, L_0x7fb5d3212ca0;  1 drivers
v0x7fb5d3212390_0 .net/s "c$wild_app_arg", 63 0, L_0x7fb5d32128a0;  1 drivers
v0x7fb5d3212420_0 .net/s "c$wild_app_arg_0", 63 0, L_0x7fb5d3212d40;  1 drivers
v0x7fb5d32124d0_0 .net "ds", 63 0, L_0x7fb5d32130f0;  1 drivers
v0x7fb5d3212580_0 .var/i "i", 31 0;
v0x7fb5d3212630_0 .var "ram_init", 16383 0;
v0x7fb5d32126e0_0 .net/s "wild", 63 0, L_0x7fb5d32128a0;  alias, 1 drivers
v0x7fb5d32127a0_0 .net/s "wild_0", 63 0, L_0x7fb5d3212d40;  alias, 1 drivers
E_0x7fb5d2716250 .event posedge, v0x7fb5d2716590_0;
L_0x7fb5d32128a0 .concat [ 32 32 0 0], o0x7fb5d30520c8, L_0x7fb5d3083008;
L_0x7fb5d32129e0 .part o0x7fb5d3052068, 64, 1;
L_0x7fb5d3212b00 .functor MUXZ 1, L_0x7fb5d3083098, L_0x7fb5d3083050, L_0x7fb5d32129e0, C4<>;
L_0x7fb5d3212ca0 .part L_0x7fb5d32130f0, 32, 32;
L_0x7fb5d3212d40 .concat [ 32 32 0 0], L_0x7fb5d3212ca0, L_0x7fb5d30830e0;
L_0x7fb5d3212ef0 .part o0x7fb5d3052068, 0, 64;
L_0x7fb5d3212fd0 .part o0x7fb5d3052068, 64, 1;
L_0x7fb5d32130f0 .functor MUXZ 64, L_0x7fb5d3083128, L_0x7fb5d3212ef0, L_0x7fb5d3212fd0, C4<>;
S_0x7fb5d27075f0 .scope begin, "DATA_blockRam" "DATA_blockRam" 2 51, 2 51 0, S_0x7fb5d2707480;
 .timescale -13 -13;
    .scope S_0x7fb5d2707480;
T_0 ;
    %pushi/vec4 0, 0, 16384;
    %store/vec4 v0x7fb5d3212630_0, 0, 16384;
    %pushi/vec4 0, 0, 32;
    %store/vec4 v0x7fb5d3212580_0, 0, 32;
T_0.0 ;
    %load/vec4 v0x7fb5d3212580_0;
    %cmpi/s 512, 0, 32;
    %jmp/0xz T_0.1, 5;
    %load/vec4 v0x7fb5d3212630_0;
    %load/vec4 v0x7fb5d3212580_0;
    %muli 32, 0, 32;
    %part/s 32;
    %pushi/vec4 511, 0, 34;
    %load/vec4 v0x7fb5d3212580_0;
    %pad/s 34;
    %sub;
    %ix/vec4/s 4;
    %store/vec4a v0x7fb5d32117f0, 4, 0;
    %load/vec4 v0x7fb5d3212580_0;
    %addi 1, 0, 32;
    %store/vec4 v0x7fb5d3212580_0, 0, 32;
    %jmp T_0.0;
T_0.1 ;
    %end;
    .thread T_0;
    .scope S_0x7fb5d2707480;
T_1 ;
    %wait E_0x7fb5d2716250;
    %fork t_1, S_0x7fb5d27075f0;
    %jmp t_0;
    .scope S_0x7fb5d27075f0;
t_1 ;
    %load/vec4 v0x7fb5d3212160_0;
    %load/vec4 v0x7fb5d3211950_0;
    %and;
    %flag_set/vec4 8;
    %jmp/0xz  T_1.0, 8;
    %load/vec4 v0x7fb5d32124d0_0;
    %parti/s 32, 0, 2;
    %ix/getv/s 3, v0x7fb5d32127a0_0;
    %ix/load 4, 0, 0; Constant delay
    %assign/vec4/a/d v0x7fb5d32117f0, 0, 4;
T_1.0 ;
    %load/vec4 v0x7fb5d3211950_0;
    %flag_set/vec4 8;
    %jmp/0xz  T_1.2, 8;
    %ix/getv/s 4, v0x7fb5d32126e0_0;
    %load/vec4a v0x7fb5d32117f0, 4;
    %assign/vec4 v0x7fb5d3211730_0, 0;
T_1.2 ;
    %end;
    .scope S_0x7fb5d2707480;
t_0 %join;
    %jmp T_1;
    .thread T_1;
# The file index is used to find the file name in the following table.
:file_names 3;
    "N/A";
    "<interactive>";
    "MainMemory.v";
